<?xml version="1.0" encoding="UTF-8"?>
<!-- Generated by org.testng.reporters.JUnitXMLReporter -->
<testsuite ignored="8" hostname="IN-FZSZ9K3" failures="1" tests="5" name="Test" time="14.64" errors="0" timestamp="2024-01-09T15:40:42 IST">
  <testcase classname="TestPackage.LoginClass" name="LoginPOM" time="2.052"/>
  <testcase classname="TestPackage.SearchClass" name="SearchPOM" time="5.21"/>
  <testcase classname="TestPackage.OrderClass" name="order" time="4.292"/>
  <testcase classname="TestPackage.CartClass" name="Cart" time="3.0"/>
  <testcase classname="TestPackage.DeleteClass" name="Delete" time="0.041">
    <failure type="org.openqa.selenium.NoSuchElementException" message="no such element: Unable to locate element: {&amp;quot;method&amp;quot;:&amp;quot;xpath&amp;quot;,&amp;quot;selector&amp;quot;:&amp;quot;//input[@name=&amp;apos;submit.delete.c59bf559-d545-4014-9e17-01838dcec773&amp;apos;]&amp;quot;}
  (Session info: chrome=120.0.6099.200)
For documentation on this error, please visit: https://www.selenium.dev/documentation/webdriver/troubleshooting/errors#no-such-element-exception
Build info: version: &amp;apos;4.16.1&amp;apos;, revision: &amp;apos;9b4c83354e&amp;apos;
System info: os.name: &amp;apos;Windows 10&amp;apos;, os.arch: &amp;apos;amd64&amp;apos;, os.version: &amp;apos;10.0&amp;apos;, java.version: &amp;apos;17&amp;apos;
Driver info: org.openqa.selenium.chrome.ChromeDriver
Command: [801e7e92a2bade27ff2e7f08e5e8b7a8, findElement {using=xpath, value=//input[@name=&amp;apos;submit.delete.c59bf559-d545-4014-9e17-01838dcec773&amp;apos;]}]
Capabilities {acceptInsecureCerts: false, browserName: chrome, browserVersion: 120.0.6099.200, chrome: {chromedriverVersion: 120.0.6099.109 (3419140ab66..., userDataDir: C:\Users\AAKASH~1\AppData\L...}, fedcm:accounts: true, goog:chromeOptions: {debuggerAddress: localhost:55929}, networkConnectionEnabled: false, pageLoadStrategy: normal, platformName: windows, proxy: Proxy(), se:cdp: ws://localhost:55929/devtoo..., se:cdpVersion: 120.0.6099.200, setWindowRect: true, strictFileInteractability: false, timeouts: {implicit: 0, pageLoad: 300000, script: 30000}, unhandledPromptBehavior: dismiss and notify, webauthn:extension:credBlob: true, webauthn:extension:largeBlob: true, webauthn:extension:minPinLength: true, webauthn:extension:prf: true, webauthn:virtualAuthenticators: true}
Session ID: 801e7e92a2bade27ff2e7f08e5e8b7a8">
      <![CDATA[org.openqa.selenium.NoSuchElementException: no such element: Unable to locate element: {"method":"xpath","selector":"//input[@name='submit.delete.c59bf559-d545-4014-9e17-01838dcec773']"}
  (Session info: chrome=120.0.6099.200)
For documentation on this error, please visit: https://www.selenium.dev/documentation/webdriver/troubleshooting/errors#no-such-element-exception
Build info: version: '4.16.1', revision: '9b4c83354e'
System info: os.name: 'Windows 10', os.arch: 'amd64', os.version: '10.0', java.version: '17'
Driver info: org.openqa.selenium.chrome.ChromeDriver
Command: [801e7e92a2bade27ff2e7f08e5e8b7a8, findElement {using=xpath, value=//input[@name='submit.delete.c59bf559-d545-4014-9e17-01838dcec773']}]
Capabilities {acceptInsecureCerts: false, browserName: chrome, browserVersion: 120.0.6099.200, chrome: {chromedriverVersion: 120.0.6099.109 (3419140ab66..., userDataDir: C:\Users\AAKASH~1\AppData\L...}, fedcm:accounts: true, goog:chromeOptions: {debuggerAddress: localhost:55929}, networkConnectionEnabled: false, pageLoadStrategy: normal, platformName: windows, proxy: Proxy(), se:cdp: ws://localhost:55929/devtoo..., se:cdpVersion: 120.0.6099.200, setWindowRect: true, strictFileInteractability: false, timeouts: {implicit: 0, pageLoad: 300000, script: 30000}, unhandledPromptBehavior: dismiss and notify, webauthn:extension:credBlob: true, webauthn:extension:largeBlob: true, webauthn:extension:minPinLength: true, webauthn:extension:prf: true, webauthn:virtualAuthenticators: true}
Session ID: 801e7e92a2bade27ff2e7f08e5e8b7a8
at org.openqa.selenium.remote.codec.w3c.W3CHttpResponseCodec.createException(W3CHttpResponseCodec.java:200)
at org.openqa.selenium.remote.codec.w3c.W3CHttpResponseCodec.decode(W3CHttpResponseCodec.java:133)
at org.openqa.selenium.remote.codec.w3c.W3CHttpResponseCodec.decode(W3CHttpResponseCodec.java:52)
at org.openqa.selenium.remote.HttpCommandExecutor.execute(HttpCommandExecutor.java:191)
at org.openqa.selenium.remote.service.DriverCommandExecutor.invokeExecute(DriverCommandExecutor.java:200)
at org.openqa.selenium.remote.service.DriverCommandExecutor.execute(DriverCommandExecutor.java:175)
at org.openqa.selenium.remote.RemoteWebDriver.execute(RemoteWebDriver.java:523)
at org.openqa.selenium.remote.ElementLocation$ElementFinder$2.findElement(ElementLocation.java:165)
at org.openqa.selenium.remote.ElementLocation.findElement(ElementLocation.java:59)
at org.openqa.selenium.remote.RemoteWebDriver.findElement(RemoteWebDriver.java:360)
at org.openqa.selenium.remote.RemoteWebDriver.findElement(RemoteWebDriver.java:354)
at PageObject.DeleteFromCart.delete(DeleteFromCart.java:19)
at TestPackage.DeleteClass.Delete(DeleteClass.java:13)
at java.base/java.util.ArrayList.forEach(ArrayList.java:1511)
... Removed 32 stack frames]]>
    </failure>
  </testcase> <!-- Delete -->
  <testcase classname="TestPackage.StartingClass" name="@BeforeSuite InitializeDriver" time="0.0">
    <ignored/>
  </testcase> <!-- @BeforeSuite InitializeDriver -->
  <testcase classname="TestPackage.StartingClass" name="@BeforeSuite InitializeDriver" time="0.0">
    <ignored/>
  </testcase> <!-- @BeforeSuite InitializeDriver -->
  <testcase classname="TestPackage.StartingClass" name="@BeforeSuite InitializeDriver" time="0.0">
    <ignored/>
  </testcase> <!-- @BeforeSuite InitializeDriver -->
  <testcase classname="TestPackage.StartingClass" name="@BeforeSuite InitializeDriver" time="0.0">
    <ignored/>
  </testcase> <!-- @BeforeSuite InitializeDriver -->
  <testcase classname="TestPackage.StartingClass" name="@AfterSuite QuitDriver" time="0.0">
    <ignored/>
  </testcase> <!-- @AfterSuite QuitDriver -->
  <testcase classname="TestPackage.StartingClass" name="@AfterSuite QuitDriver" time="0.0">
    <ignored/>
  </testcase> <!-- @AfterSuite QuitDriver -->
  <testcase classname="TestPackage.StartingClass" name="@AfterSuite QuitDriver" time="0.0">
    <ignored/>
  </testcase> <!-- @AfterSuite QuitDriver -->
  <testcase classname="TestPackage.StartingClass" name="@AfterSuite QuitDriver" time="0.0">
    <ignored/>
  </testcase> <!-- @AfterSuite QuitDriver -->
</testsuite> <!-- Test -->
